This file contains any messages produced by compilers while
running configure, to aid debugging if configure makes a mistake.

It was created by configure, which was
generated by GNU Autoconf 2.69.  Invocation command line was

  $ ./configure --with-php-config=/usr/bin/php-config

## --------- ##
## Platform. ##
## --------- ##

hostname = kali
uname -m = x86_64
uname -r = 3.14-kali1-amd64
uname -s = Linux
uname -v = #1 SMP Debian 3.14.5-1kali1 (2014-06-07)

/usr/bin/uname -p = unknown
/bin/uname -X     = unknown

/bin/arch              = unknown
/usr/bin/arch -k       = unknown
/usr/convex/getsysinfo = unknown
/usr/bin/hostinfo      = unknown
/bin/machine           = unknown
/usr/bin/oslevel       = unknown
/bin/universe          = unknown

PATH: /usr/local/sbin
PATH: /usr/local/bin
PATH: /usr/sbin
PATH: /usr/bin
PATH: /sbin
PATH: /bin


## ----------- ##
## Core tests. ##
## ----------- ##

configure:2193: checking for grep that handles long lines and -e
configure:2251: result: /bin/grep
configure:2256: checking for egrep
configure:2318: result: /bin/grep -E
configure:2323: checking for a sed that does not truncate output
configure:2387: result: /bin/sed
configure:2521: checking for cc
configure:2537: found /usr/bin/cc
configure:2548: result: cc
configure:2579: checking for C compiler version
configure:2588: cc --version >&5
cc (Debian 4.7.2-5) 4.7.2
Copyright (C) 2012 Free Software Foundation, Inc.
This is free software; see the source for copying conditions.  There is NO
warranty; not even for MERCHANTABILITY or FITNESS FOR A PARTICULAR PURPOSE.

configure:2599: $? = 0
configure:2588: cc -v >&5
Using built-in specs.
COLLECT_GCC=cc
COLLECT_LTO_WRAPPER=/usr/lib/gcc/x86_64-linux-gnu/4.7/lto-wrapper
Target: x86_64-linux-gnu
Configured with: ../src/configure -v --with-pkgversion='Debian 4.7.2-5' --with-bugurl=file:///usr/share/doc/gcc-4.7/README.Bugs --enable-languages=c,c++,go,fortran,objc,obj-c++ --prefix=/usr --program-suffix=-4.7 --enable-shared --enable-linker-build-id --with-system-zlib --libexecdir=/usr/lib --without-included-gettext --enable-threads=posix --with-gxx-include-dir=/usr/include/c++/4.7 --libdir=/usr/lib --enable-nls --with-sysroot=/ --enable-clocale=gnu --enable-libstdcxx-debug --enable-libstdcxx-time=yes --enable-gnu-unique-object --enable-plugin --enable-objc-gc --with-arch-32=i586 --with-tune=generic --enable-checking=release --build=x86_64-linux-gnu --host=x86_64-linux-gnu --target=x86_64-linux-gnu
Thread model: posix
gcc version 4.7.2 (Debian 4.7.2-5) 
configure:2599: $? = 0
configure:2588: cc -V >&5
cc: error: unrecognized command line option '-V'
cc: fatal error: no input files
compilation terminated.
configure:2599: $? = 4
configure:2588: cc -qversion >&5
cc: error: unrecognized command line option '-qversion'
cc: fatal error: no input files
compilation terminated.
configure:2599: $? = 4
configure:2619: checking whether the C compiler works
configure:2641: cc    conftest.c  >&5
configure:2645: $? = 0
configure:2693: result: yes
configure:2696: checking for C compiler default output file name
configure:2698: result: a.out
configure:2704: checking for suffix of executables
configure:2711: cc -o conftest    conftest.c  >&5
configure:2715: $? = 0
configure:2737: result: 
configure:2759: checking whether we are cross compiling
configure:2767: cc -o conftest    conftest.c  >&5
configure:2771: $? = 0
configure:2778: ./conftest
configure:2782: $? = 0
configure:2797: result: no
configure:2802: checking for suffix of object files
configure:2824: cc -c   conftest.c >&5
configure:2828: $? = 0
configure:2849: result: o
configure:2853: checking whether we are using the GNU C compiler
configure:2872: cc -c   conftest.c >&5
configure:2872: $? = 0
configure:2881: result: yes
configure:2890: checking whether cc accepts -g
configure:2910: cc -c -g  conftest.c >&5
configure:2910: $? = 0
configure:2951: result: yes
configure:2968: checking for cc option to accept ISO C89
configure:3031: cc  -c -g -O2  conftest.c >&5
configure:3031: $? = 0
configure:3044: result: none needed
configure:3070: checking how to run the C preprocessor
configure:3101: cc -E  conftest.c
configure:3101: $? = 0
configure:3115: cc -E  conftest.c
conftest.c:9:28: fatal error: ac_nonexistent.h: No such file or directory
compilation terminated.
configure:3115: $? = 1
configure: failed program was:
| /* confdefs.h */
| #define PACKAGE_NAME ""
| #define PACKAGE_TARNAME ""
| #define PACKAGE_VERSION ""
| #define PACKAGE_STRING ""
| #define PACKAGE_BUGREPORT ""
| #define PACKAGE_URL ""
| /* end confdefs.h.  */
| #include <ac_nonexistent.h>
configure:3140: result: cc -E
configure:3160: cc -E  conftest.c
configure:3160: $? = 0
configure:3174: cc -E  conftest.c
conftest.c:9:28: fatal error: ac_nonexistent.h: No such file or directory
compilation terminated.
configure:3174: $? = 1
configure: failed program was:
| /* confdefs.h */
| #define PACKAGE_NAME ""
| #define PACKAGE_TARNAME ""
| #define PACKAGE_VERSION ""
| #define PACKAGE_STRING ""
| #define PACKAGE_BUGREPORT ""
| #define PACKAGE_URL ""
| /* end confdefs.h.  */
| #include <ac_nonexistent.h>
configure:3205: checking for icc
configure:3214: result: no
configure:3228: checking for suncc
configure:3237: result: no
configure:3255: checking whether cc understands -c and -o together
configure:3283: cc -c conftest.c -o conftest2.o >&5
configure:3287: $? = 0
configure:3293: cc -c conftest.c -o conftest2.o >&5
configure:3297: $? = 0
configure:3352: result: yes
configure:3366: checking for system library directory
configure:3381: result: lib
configure:3388: checking if compiler supports -R
configure:3407: cc -o conftest -g -O2   conftest.c -R /usr/lib  >&5
cc: error: unrecognized option '-R'
configure:3407: $? = 1
configure: failed program was:
| /* confdefs.h */
| #define PACKAGE_NAME ""
| #define PACKAGE_TARNAME ""
| #define PACKAGE_VERSION ""
| #define PACKAGE_STRING ""
| #define PACKAGE_BUGREPORT ""
| #define PACKAGE_URL ""
| /* end confdefs.h.  */
| 
| int
| main ()
| {
| 
|   ;
|   return 0;
| }
configure:3417: result: no
configure:3422: checking if compiler supports -Wl,-rpath,
configure:3441: cc -o conftest -g -O2   conftest.c -Wl,-rpath,/usr/lib  >&5
configure:3441: $? = 0
configure:3451: result: yes
configure:3496: checking build system type
configure:3510: result: x86_64-unknown-linux-gnu
configure:3530: checking host system type
configure:3543: result: x86_64-unknown-linux-gnu
configure:3563: checking target system type
configure:3576: result: x86_64-unknown-linux-gnu
configure:3679: checking for PHP prefix
configure:3681: result: /usr
configure:3683: checking for PHP includes
configure:3685: result: -I/usr/include/php5 -I/usr/include/php5/main -I/usr/include/php5/TSRM -I/usr/include/php5/Zend -I/usr/include/php5/ext -I/usr/include/php5/ext/date/lib
configure:3687: checking for PHP extension directory
configure:3689: result: /usr/lib/php5/20100525
configure:3691: checking for PHP installed headers prefix
configure:3693: result: /usr/include/php5
configure:3696: checking if debug is enabled
configure:3722: result: no
configure:3725: checking if zts is enabled
configure:3751: result: no
configure:3822: checking for re2c
configure:3852: result: no
configure:3877: WARNING: You will need re2c 0.13.4 or later if you want to regenerate PHP parsers.
configure:3891: checking for gawk
configure:3922: result: no
configure:3891: checking for nawk
configure:3908: found /usr/bin/nawk
configure:3919: result: nawk
configure:3942: checking if nawk is broken
configure:3949: result: no
configure:3963: checking whether to enable APC support
configure:4002: result: yes, shared
configure:4020: checking whether we should enable cache request file info
configure:4032: result: no
configure:4038: checking whether we should use mmap
configure:4050: result: yes
configure:4056: checking whether we should use semaphore locking instead of fcntl
configure:4068: result: no
configure:4074: checking whether we should use pthread mutex locking
configure:4086: result: yes
configure:4145: cc -o conftest -g -O2   conftest.c  -lpthread >&5
configure:4145: $? = 0
configure:4145: ./conftest
configure:4145: $? = 0
configure:4170: checking whether we should use pthread read/write locking
configure:4182: result: no
configure:4267: checking whether the target compiler supports builtin atomics
configure:4290: cc -o conftest -g -O2   conftest.c  >&5
configure:4290: $? = 0
configure:4299: result: yes
configure:4314: checking whether we should use spin locks
configure:4326: result: no
configure:4333: checking whether we should enable memory protection
configure:4345: result: no
configure:4393: checking for zend_set_lookup_function_hook
configure:4417: cc -c -I/usr/include/php5 -I/usr/include/php5/main -I/usr/include/php5/TSRM -I/usr/include/php5/Zend -I/usr/include/php5/ext -I/usr/include/php5/ext/date/lib   conftest.c >&5
conftest.c: In function 'main':
conftest.c:20:9: error: 'zend_set_lookup_function_hook' undeclared (first use in this function)
conftest.c:20:9: note: each undeclared identifier is reported only once for each function it appears in
configure:4417: $? = 1
configure: failed program was:
| /* confdefs.h */
| #define PACKAGE_NAME ""
| #define PACKAGE_TARNAME ""
| #define PACKAGE_VERSION ""
| #define PACKAGE_STRING ""
| #define PACKAGE_BUGREPORT ""
| #define PACKAGE_URL ""
| #define HAVE_ATOMIC_OPERATIONS 1
| #define APC_MMAP 1
| #define APC_PTHREADMUTEX_LOCKS 1
| /* end confdefs.h.  */
| 
| #include "main/php.h"
| #include "Zend/zend_API.h"
| 
| int
| main ()
| {
| #ifndef zend_set_lookup_function_hook
| 	(void) zend_set_lookup_function_hook;
| #endif
|   ;
|   return 0;
| }
configure:4430: result: no
configure:4444: checking for sigaction
configure:4444: cc -o conftest -g -O2   conftest.c  >&5
configure:4444: $? = 0
configure:4444: result: yes
configure:4453: checking for union semun
configure:4474: cc -c -g -O2  conftest.c >&5
conftest.c: In function 'main':
conftest.c:22:13: error: storage size of 'x' isn't known
configure:4474: $? = 1
configure: failed program was:
| /* confdefs.h */
| #define PACKAGE_NAME ""
| #define PACKAGE_TARNAME ""
| #define PACKAGE_VERSION ""
| #define PACKAGE_STRING ""
| #define PACKAGE_BUGREPORT ""
| #define PACKAGE_URL ""
| #define HAVE_ATOMIC_OPERATIONS 1
| #define APC_MMAP 1
| #define APC_PTHREADMUTEX_LOCKS 1
| #define APC_HAVE_LOOKUP_HOOKS 0
| #define HAVE_SIGACTION 1
| /* end confdefs.h.  */
| 
| #include <sys/types.h>
| #include <sys/ipc.h>
| #include <sys/sem.h>
| 
| int
| main ()
| {
| union semun x; x.val=1
|   ;
|   return 0;
| }
configure:4486: result: no
configure:4498: checking whether we should enable valgrind support
configure:4500: checking for ANSI C header files
configure:4520: cc -c -g -O2  conftest.c >&5
configure:4520: $? = 0
configure:4593: cc -o conftest -g -O2   conftest.c  >&5
configure:4593: $? = 0
configure:4593: ./conftest
configure:4593: $? = 0
configure:4604: result: yes
configure:4617: checking for sys/types.h
configure:4617: cc -c -g -O2  conftest.c >&5
configure:4617: $? = 0
configure:4617: result: yes
configure:4617: checking for sys/stat.h
configure:4617: cc -c -g -O2  conftest.c >&5
configure:4617: $? = 0
configure:4617: result: yes
configure:4617: checking for stdlib.h
configure:4617: cc -c -g -O2  conftest.c >&5
configure:4617: $? = 0
configure:4617: result: yes
configure:4617: checking for string.h
configure:4617: cc -c -g -O2  conftest.c >&5
configure:4617: $? = 0
configure:4617: result: yes
configure:4617: checking for memory.h
configure:4617: cc -c -g -O2  conftest.c >&5
configure:4617: $? = 0
configure:4617: result: yes
configure:4617: checking for strings.h
configure:4617: cc -c -g -O2  conftest.c >&5
configure:4617: $? = 0
configure:4617: result: yes
configure:4617: checking for inttypes.h
configure:4617: cc -c -g -O2  conftest.c >&5
configure:4617: $? = 0
configure:4617: result: yes
configure:4617: checking for stdint.h
configure:4617: cc -c -g -O2  conftest.c >&5
configure:4617: $? = 0
configure:4617: result: yes
configure:4617: checking for unistd.h
configure:4617: cc -c -g -O2  conftest.c >&5
configure:4617: $? = 0
configure:4617: result: yes
configure:4639: result: yes
configure:4641: checking valgrind/memcheck.h usability
configure:4641: cc -c -g -O2  conftest.c >&5
conftest.c:58:31: fatal error: valgrind/memcheck.h: No such file or directory
compilation terminated.
configure:4641: $? = 1
configure: failed program was:
| /* confdefs.h */
| #define PACKAGE_NAME ""
| #define PACKAGE_TARNAME ""
| #define PACKAGE_VERSION ""
| #define PACKAGE_STRING ""
| #define PACKAGE_BUGREPORT ""
| #define PACKAGE_URL ""
| #define HAVE_ATOMIC_OPERATIONS 1
| #define APC_MMAP 1
| #define APC_PTHREADMUTEX_LOCKS 1
| #define APC_HAVE_LOOKUP_HOOKS 0
| #define HAVE_SIGACTION 1
| #define HAVE_SEMUN 0
| #define STDC_HEADERS 1
| #define HAVE_SYS_TYPES_H 1
| #define HAVE_SYS_STAT_H 1
| #define HAVE_STDLIB_H 1
| #define HAVE_STRING_H 1
| #define HAVE_MEMORY_H 1
| #define HAVE_STRINGS_H 1
| #define HAVE_INTTYPES_H 1
| #define HAVE_STDINT_H 1
| #define HAVE_UNISTD_H 1
| /* end confdefs.h.  */
| #include <stdio.h>
| #ifdef HAVE_SYS_TYPES_H
| # include <sys/types.h>
| #endif
| #ifdef HAVE_SYS_STAT_H
| # include <sys/stat.h>
| #endif
| #ifdef STDC_HEADERS
| # include <stdlib.h>
| # include <stddef.h>
| #else
| # ifdef HAVE_STDLIB_H
| #  include <stdlib.h>
| # endif
| #endif
| #ifdef HAVE_STRING_H
| # if !defined STDC_HEADERS && defined HAVE_MEMORY_H
| #  include <memory.h>
| # endif
| # include <string.h>
| #endif
| #ifdef HAVE_STRINGS_H
| # include <strings.h>
| #endif
| #ifdef HAVE_INTTYPES_H
| # include <inttypes.h>
| #endif
| #ifdef HAVE_STDINT_H
| # include <stdint.h>
| #endif
| #ifdef HAVE_UNISTD_H
| # include <unistd.h>
| #endif
| #include <valgrind/memcheck.h>
configure:4641: result: no
configure:4641: checking valgrind/memcheck.h presence
configure:4641: cc -E  conftest.c
conftest.c:25:31: fatal error: valgrind/memcheck.h: No such file or directory
compilation terminated.
configure:4641: $? = 1
configure: failed program was:
| /* confdefs.h */
| #define PACKAGE_NAME ""
| #define PACKAGE_TARNAME ""
| #define PACKAGE_VERSION ""
| #define PACKAGE_STRING ""
| #define PACKAGE_BUGREPORT ""
| #define PACKAGE_URL ""
| #define HAVE_ATOMIC_OPERATIONS 1
| #define APC_MMAP 1
| #define APC_PTHREADMUTEX_LOCKS 1
| #define APC_HAVE_LOOKUP_HOOKS 0
| #define HAVE_SIGACTION 1
| #define HAVE_SEMUN 0
| #define STDC_HEADERS 1
| #define HAVE_SYS_TYPES_H 1
| #define HAVE_SYS_STAT_H 1
| #define HAVE_STDLIB_H 1
| #define HAVE_STRING_H 1
| #define HAVE_MEMORY_H 1
| #define HAVE_STRINGS_H 1
| #define HAVE_INTTYPES_H 1
| #define HAVE_STDINT_H 1
| #define HAVE_UNISTD_H 1
| /* end confdefs.h.  */
| #include <valgrind/memcheck.h>
configure:4641: result: no
configure:4641: checking for valgrind/memcheck.h
configure:4641: result: no
configure:4773: checking for shm_open in -lrt
configure:4798: cc -o conftest -g -O2   conftest.c -lrt   >&5
configure:4798: $? = 0
configure:4807: result: yes
configure:5173: checking whether to include code coverage symbols
configure:5187: result: no
configure:5398: checking how to print strings
configure:5425: result: printf
configure:5446: checking for a sed that does not truncate output
configure:5510: result: /bin/sed
configure:5528: checking for fgrep
configure:5590: result: /bin/grep -F
configure:5625: checking for ld used by cc
configure:5692: result: /usr/bin/ld
configure:5699: checking if the linker (/usr/bin/ld) is GNU ld
configure:5714: result: yes
configure:5726: checking for BSD- or MS-compatible name lister (nm)
configure:5775: result: /usr/bin/nm -B
configure:5905: checking the name lister (/usr/bin/nm -B) interface
configure:5912: cc -c -g -O2  conftest.c >&5
configure:5915: /usr/bin/nm -B "conftest.o"
configure:5918: output
0000000000000000 B some_variable
configure:5925: result: BSD nm
configure:5928: checking whether ln -s works
configure:5932: result: yes
configure:5940: checking the maximum length of command line arguments
configure:6070: result: 1572864
configure:6087: checking whether the shell understands some XSI constructs
configure:6097: result: yes
configure:6101: checking whether the shell understands "+="
configure:6107: result: yes
configure:6142: checking how to convert x86_64-unknown-linux-gnu file names to x86_64-unknown-linux-gnu format
configure:6182: result: func_convert_file_noop
configure:6189: checking how to convert x86_64-unknown-linux-gnu file names to toolchain format
configure:6209: result: func_convert_file_noop
configure:6216: checking for /usr/bin/ld option to reload object files
configure:6223: result: -r
configure:6297: checking for objdump
configure:6313: found /usr/bin/objdump
configure:6324: result: objdump
configure:6356: checking how to recognize dependent libraries
configure:6554: result: pass_all
configure:6639: checking for dlltool
configure:6669: result: no
configure:6699: checking how to associate runtime and link libraries
configure:6726: result: printf %s\n
configure:6786: checking for ar
configure:6802: found /usr/bin/ar
configure:6813: result: ar
configure:6850: checking for archiver @FILE support
configure:6867: cc -c -g -O2  conftest.c >&5
configure:6867: $? = 0
configure:6870: ar cru libconftest.a @conftest.lst >&5
configure:6873: $? = 0
configure:6878: ar cru libconftest.a @conftest.lst >&5
ar: conftest.o: No such file or directory
configure:6881: $? = 1
configure:6893: result: @
configure:6951: checking for strip
configure:6967: found /usr/bin/strip
configure:6978: result: strip
configure:7050: checking for ranlib
configure:7066: found /usr/bin/ranlib
configure:7077: result: ranlib
configure:7154: checking for gawk
configure:7181: result: nawk
configure:7221: checking command to parse /usr/bin/nm -B output from cc object
configure:7341: cc -c -g -O2  conftest.c >&5
configure:7344: $? = 0
configure:7348: /usr/bin/nm -B conftest.o \| sed -n -e 's/^.*[ ]\([ABCDGIRSTW][ABCDGIRSTW]*\)[ ][ ]*\([_A-Za-z][_A-Za-z0-9]*\)$/\1 \2 \2/p' | sed '/ __gnu_lto/d' \> conftest.nm
configure:7351: $? = 0
configure:7417: cc -o conftest -g -O2   conftest.c conftstm.o >&5
configure:7420: $? = 0
configure:7458: result: ok
configure:7495: checking for sysroot
configure:7525: result: no
configure:7602: cc -c -g -O2  conftest.c >&5
configure:7605: $? = 0
configure:7781: checking for mt
configure:7797: found /bin/mt
configure:7808: result: mt
configure:7831: checking if mt is a manifest tool
configure:7837: mt '-?'
configure:7845: result: no
configure:8484: checking for dlfcn.h
configure:8484: cc -c -g -O2  conftest.c >&5
configure:8484: $? = 0
configure:8484: result: yes
configure:8690: checking for objdir
configure:8705: result: .libs
configure:8976: checking if cc supports -fno-rtti -fno-exceptions
configure:8994: cc -c -g -O2  -fno-rtti -fno-exceptions conftest.c >&5
cc1: warning: command line option '-fno-rtti' is valid for C++/ObjC++ but not for C [enabled by default]
configure:8998: $? = 0
configure:9011: result: no
configure:9338: checking for cc option to produce PIC
configure:9345: result: -fPIC -DPIC
configure:9353: checking if cc PIC flag -fPIC -DPIC works
configure:9371: cc -c -g -O2  -fPIC -DPIC -DPIC conftest.c >&5
configure:9375: $? = 0
configure:9388: result: yes
configure:9417: checking if cc static flag -static works
configure:9445: result: yes
configure:9460: checking if cc supports -c -o file.o
configure:9481: cc -c -g -O2  -o out/conftest2.o conftest.c >&5
configure:9485: $? = 0
configure:9507: result: yes
configure:9515: checking if cc supports -c -o file.o
configure:9562: result: yes
configure:9595: checking whether the cc linker (/usr/bin/ld -m elf_x86_64) supports shared libraries
configure:10752: result: yes
configure:10789: checking whether -lc should be explicitly linked in
configure:10797: cc -c -g -O2  conftest.c >&5
configure:10800: $? = 0
configure:10815: cc -shared  -fPIC -DPIC conftest.o  -v -Wl,-soname -Wl,conftest -o conftest 2\>\&1 \| /bin/grep  -lc  \>/dev/null 2\>\&1
configure:10818: $? = 0
configure:10832: result: no
configure:10992: checking dynamic linker characteristics
configure:11492: cc -o conftest -g -O2   -Wl,-rpath -Wl,/foo conftest.c  >&5
configure:11492: $? = 0
configure:11726: result: GNU/Linux ld.so
configure:11833: checking how to hardcode library paths into programs
configure:11858: result: immediate
configure:12398: checking whether stripping libraries is possible
configure:12403: result: yes
configure:12438: checking if libtool supports shared libraries
configure:12440: result: yes
configure:12443: checking whether to build shared libraries
configure:12464: result: yes
configure:12467: checking whether to build static libraries
configure:12471: result: no
configure:12747: creating ./config.status

## ---------------------- ##
## Running config.status. ##
## ---------------------- ##

This file was extended by config.status, which was
generated by GNU Autoconf 2.69.  Invocation command line was

  CONFIG_FILES    = 
  CONFIG_HEADERS  = 
  CONFIG_LINKS    = 
  CONFIG_COMMANDS = 
  $ ./config.status 

on kali

config.status:893: creating config.h
config.status:997: executing libtool commands

## ---------------- ##
## Cache variables. ##
## ---------------- ##

PHP_cv_APC_GCC_ATOMICS=yes
ac_cv_build=x86_64-unknown-linux-gnu
ac_cv_c_compiler_gnu=yes
ac_cv_env_CC_set=
ac_cv_env_CC_value=
ac_cv_env_CFLAGS_set=
ac_cv_env_CFLAGS_value=
ac_cv_env_CPPFLAGS_set=
ac_cv_env_CPPFLAGS_value=
ac_cv_env_CPP_set=
ac_cv_env_CPP_value=
ac_cv_env_LDFLAGS_set=
ac_cv_env_LDFLAGS_value=
ac_cv_env_LIBS_set=
ac_cv_env_LIBS_value=
ac_cv_env_build_alias_set=
ac_cv_env_build_alias_value=
ac_cv_env_host_alias_set=
ac_cv_env_host_alias_value=
ac_cv_env_target_alias_set=
ac_cv_env_target_alias_value=
ac_cv_func_sigaction=yes
ac_cv_header_dlfcn_h=yes
ac_cv_header_inttypes_h=yes
ac_cv_header_memory_h=yes
ac_cv_header_stdc=yes
ac_cv_header_stdint_h=yes
ac_cv_header_stdlib_h=yes
ac_cv_header_string_h=yes
ac_cv_header_strings_h=yes
ac_cv_header_sys_stat_h=yes
ac_cv_header_sys_types_h=yes
ac_cv_header_unistd_h=yes
ac_cv_header_valgrind_memcheck_h=no
ac_cv_host=x86_64-unknown-linux-gnu
ac_cv_lib_rt_shm_open=yes
ac_cv_objext=o
ac_cv_path_EGREP='/bin/grep -E'
ac_cv_path_FGREP='/bin/grep -F'
ac_cv_path_GREP=/bin/grep
ac_cv_path_SED=/bin/sed
ac_cv_prog_AWK=nawk
ac_cv_prog_CPP='cc -E'
ac_cv_prog_ac_ct_AR=ar
ac_cv_prog_ac_ct_CC=cc
ac_cv_prog_ac_ct_MANIFEST_TOOL=mt
ac_cv_prog_ac_ct_OBJDUMP=objdump
ac_cv_prog_ac_ct_RANLIB=ranlib
ac_cv_prog_ac_ct_STRIP=strip
ac_cv_prog_cc_c89=
ac_cv_prog_cc_cc_c_o=yes
ac_cv_prog_cc_g=yes
ac_cv_target=x86_64-unknown-linux-gnu
lt_cv_ar_at_file=@
lt_cv_archive_cmds_need_lc=no
lt_cv_deplibs_check_method=pass_all
lt_cv_file_magic_cmd='$MAGIC_CMD'
lt_cv_file_magic_test_file=
lt_cv_ld_reload_flag=-r
lt_cv_nm_interface='BSD nm'
lt_cv_objdir=.libs
lt_cv_path_LD=/usr/bin/ld
lt_cv_path_NM='/usr/bin/nm -B'
lt_cv_path_mainfest_tool=no
lt_cv_prog_compiler_c_o=yes
lt_cv_prog_compiler_pic='-fPIC -DPIC'
lt_cv_prog_compiler_pic_works=yes
lt_cv_prog_compiler_rtti_exceptions=no
lt_cv_prog_compiler_static_works=yes
lt_cv_prog_gnu_ld=yes
lt_cv_sharedlib_from_linklib_cmd='printf %s\n'
lt_cv_shlibpath_overrides_runpath=no
lt_cv_sys_global_symbol_pipe='sed -n -e '\''s/^.*[	 ]\([ABCDGIRSTW][ABCDGIRSTW]*\)[	 ][	 ]*\([_A-Za-z][_A-Za-z0-9]*\)$/\1 \2 \2/p'\'' | sed '\''/ __gnu_lto/d'\'''
lt_cv_sys_global_symbol_to_c_name_address='sed -n -e '\''s/^: \([^ ]*\)[ ]*$/  {\"\1\", (void *) 0},/p'\'' -e '\''s/^[ABCDGIRSTW]* \([^ ]*\) \([^ ]*\)$/  {"\2", (void *) \&\2},/p'\'''
lt_cv_sys_global_symbol_to_c_name_address_lib_prefix='sed -n -e '\''s/^: \([^ ]*\)[ ]*$/  {\"\1\", (void *) 0},/p'\'' -e '\''s/^[ABCDGIRSTW]* \([^ ]*\) \(lib[^ ]*\)$/  {"\2", (void *) \&\2},/p'\'' -e '\''s/^[ABCDGIRSTW]* \([^ ]*\) \([^ ]*\)$/  {"lib\2", (void *) \&\2},/p'\'''
lt_cv_sys_global_symbol_to_cdecl='sed -n -e '\''s/^T .* \(.*\)$/extern int \1();/p'\'' -e '\''s/^[ABCDGIRSTW]* .* \(.*\)$/extern char \1;/p'\'''
lt_cv_sys_max_cmd_len=1572864
lt_cv_to_host_file_cmd=func_convert_file_noop
lt_cv_to_tool_file_cmd=func_convert_file_noop
php_cv_cc_dashr=no
php_cv_cc_rpath=yes
php_cv_semun=no
php_cv_zend_set_lookup_function_hook=no

## ----------------- ##
## Output variables. ##
## ----------------- ##

AR='ar'
AWK='nawk'
CC='cc'
CFLAGS='-g -O2'
CONFIGURE_COMMAND=' '\''./configure'\''  '\''--with-php-config=/usr/bin/php-config'\'''
CONFIGURE_OPTIONS=' '\''--with-php-config=/usr/bin/php-config'\'''
CPP='cc -E'
CPPFLAGS=' -DHAVE_CONFIG_H'
DEFS='-DHAVE_CONFIG_H'
DLLTOOL='false'
DSYMUTIL=''
DUMPBIN=''
ECHO_C=''
ECHO_N='-n'
ECHO_T=''
EGREP='/bin/grep -E'
EXEEXT=''
FGREP='/bin/grep -F'
GENHTML=''
GREP='/bin/grep'
LCOV=''
LD='/usr/bin/ld -m elf_x86_64'
LDFLAGS=''
LIBOBJS=''
LIBS=''
LIBTOOL='$(SHELL) $(top_builddir)/libtool'
LIPO=''
LN_S='ln -s'
LTLIBOBJS=''
MANIFEST_TOOL=':'
NM='/usr/bin/nm -B'
NMEDIT=''
OBJDUMP='objdump'
OBJEXT='o'
OTOOL64=''
OTOOL=''
PACKAGE_BUGREPORT=''
PACKAGE_NAME=''
PACKAGE_STRING=''
PACKAGE_TARNAME=''
PACKAGE_URL=''
PACKAGE_VERSION=''
PATH_SEPARATOR=':'
RANLIB='ranlib'
RE2C='exit 0;'
SED='/bin/sed'
SHELL='/bin/bash'
SHLIB_DL_SUFFIX_NAME='so'
SHLIB_SUFFIX_NAME='so'
STRIP='strip'
ac_ct_AR='ar'
ac_ct_CC='cc'
ac_ct_DUMPBIN=''
bindir='${exec_prefix}/bin'
build='x86_64-unknown-linux-gnu'
build_alias=''
build_cpu='x86_64'
build_os='linux-gnu'
build_vendor='unknown'
datadir='${datarootdir}'
datarootdir='${prefix}/share'
docdir='${datarootdir}/doc/${PACKAGE}'
dvidir='${docdir}'
exec_prefix='$(prefix)'
host='x86_64-unknown-linux-gnu'
host_alias='x86_64-unknown-linux-gnu'
host_cpu='x86_64'
host_os='linux-gnu'
host_vendor='unknown'
htmldir='${docdir}'
includedir='${prefix}/include'
infodir='${datarootdir}/info'
libdir='${exec_prefix}/lib'
libexecdir='${exec_prefix}/libexec'
localedir='${datarootdir}/locale'
localstatedir='${prefix}/var'
mandir='${datarootdir}/man'
oldincludedir='/usr/include'
pdfdir='${docdir}'
prefix='/usr'
program_transform_name='s,x,x,'
psdir='${docdir}'
sbindir='${exec_prefix}/sbin'
sharedstatedir='${prefix}/com'
sysconfdir='${prefix}/etc'
target='x86_64-unknown-linux-gnu'
target_alias=''
target_cpu='x86_64'
target_os='linux-gnu'
target_vendor='unknown'

## ----------- ##
## confdefs.h. ##
## ----------- ##

/* confdefs.h */
#define PACKAGE_NAME ""
#define PACKAGE_TARNAME ""
#define PACKAGE_VERSION ""
#define PACKAGE_STRING ""
#define PACKAGE_BUGREPORT ""
#define PACKAGE_URL ""
#define HAVE_ATOMIC_OPERATIONS 1
#define APC_MMAP 1
#define APC_PTHREADMUTEX_LOCKS 1
#define APC_HAVE_LOOKUP_HOOKS 0
#define HAVE_SIGACTION 1
#define HAVE_SEMUN 0
#define STDC_HEADERS 1
#define HAVE_SYS_TYPES_H 1
#define HAVE_SYS_STAT_H 1
#define HAVE_STDLIB_H 1
#define HAVE_STRING_H 1
#define HAVE_MEMORY_H 1
#define HAVE_STRINGS_H 1
#define HAVE_INTTYPES_H 1
#define HAVE_STDINT_H 1
#define HAVE_UNISTD_H 1
#define COMPILE_DL_APC 1
#define HAVE_APC 1
#define HAVE_DLFCN_H 1
#define LT_OBJDIR ".libs/"

configure: exit 0
